2020-06-27 00:01:26.0847|0|Microsoft.Hosting.Lifetime|INFO|Application is shutting down... 
2020-06-27 00:01:26.1677|0|OZO.Program|DEBUG|init main 
2020-06-27 00:01:26.2518|0|Microsoft.Hosting.Lifetime|INFO|Now listening on: https://localhost:5001 
2020-06-27 00:01:26.2618|0|Microsoft.Hosting.Lifetime|INFO|Now listening on: http://localhost:5000 
2020-06-27 00:01:26.2618|0|Microsoft.Hosting.Lifetime|INFO|Application started. Press Ctrl+C to shut down. 
2020-06-27 00:01:26.2871|0|Microsoft.Hosting.Lifetime|INFO|Hosting environment: Development 
2020-06-27 00:01:26.2968|0|Microsoft.Hosting.Lifetime|INFO|Content root path: C:\Users\Iva\Desktop\FSRE_sem6\PI\vjezba\OZO 
2020-06-27 00:01:28.1095|0|Microsoft.Hosting.Lifetime|INFO|Application is shutting down... 
2020-06-27 00:02:30.9159|0|Microsoft.Hosting.Lifetime|INFO|Now listening on: https://localhost:5001 
2020-06-27 00:02:30.9869|0|Microsoft.Hosting.Lifetime|INFO|Now listening on: http://localhost:5000 
2020-06-27 00:02:30.9998|0|Microsoft.Hosting.Lifetime|INFO|Application started. Press Ctrl+C to shut down. 
2020-06-27 00:02:30.9998|0|Microsoft.Hosting.Lifetime|INFO|Hosting environment: Development 
2020-06-27 00:02:31.0199|0|Microsoft.Hosting.Lifetime|INFO|Content root path: C:\Users\Iva\Desktop\FSRE_sem6\PI\vjezba\OZO 
2020-06-27 00:04:58.1701|0|Microsoft.Hosting.Lifetime|INFO|Application is shutting down... 
2020-06-27 00:04:58.2416|0|OZO.Program|DEBUG|init main 
2020-06-27 00:04:58.3261|0|Microsoft.Hosting.Lifetime|INFO|Now listening on: https://localhost:5001 
2020-06-27 00:04:58.3261|0|Microsoft.Hosting.Lifetime|INFO|Now listening on: http://localhost:5000 
2020-06-27 00:04:58.3466|0|Microsoft.Hosting.Lifetime|INFO|Application started. Press Ctrl+C to shut down. 
2020-06-27 00:04:58.3573|0|Microsoft.Hosting.Lifetime|INFO|Hosting environment: Development 
2020-06-27 00:04:58.3573|0|Microsoft.Hosting.Lifetime|INFO|Content root path: C:\Users\Iva\Desktop\FSRE_sem6\PI\vjezba\OZO 
2020-06-27 00:04:59.4560|0|Microsoft.Hosting.Lifetime|INFO|Application is shutting down... 
2020-06-27 00:05:11.4732|0|Microsoft.Hosting.Lifetime|INFO|Now listening on: https://localhost:5001 
2020-06-27 00:05:11.5784|0|Microsoft.Hosting.Lifetime|INFO|Now listening on: http://localhost:5000 
2020-06-27 00:05:11.6026|0|Microsoft.Hosting.Lifetime|INFO|Application started. Press Ctrl+C to shut down. 
2020-06-27 00:05:11.6209|0|Microsoft.Hosting.Lifetime|INFO|Hosting environment: Development 
2020-06-27 00:05:11.6401|0|Microsoft.Hosting.Lifetime|INFO|Content root path: C:\Users\Iva\Desktop\FSRE_sem6\PI\vjezba\OZO 
2020-06-27 00:05:28.0552|1|Microsoft.AspNetCore.Diagnostics.DeveloperExceptionPageMiddleware|ERROR|An unhandled exception has occurred while executing the request. 'Naziv' property not found. Available properties list: IdZaposlenici, Ime, Prezime, DatumRođenja, TrošakZaposlenika, IdPoslovi, IdPosloviNavigation, Obrazovanje, ZaposleniciZanimanja
2020-06-27 00:13:08.2925|0|Microsoft.Hosting.Lifetime|INFO|Application is shutting down... 
2020-06-27 00:13:08.3608|0|OZO.Program|DEBUG|init main 
2020-06-27 00:13:08.4466|0|Microsoft.Hosting.Lifetime|INFO|Now listening on: https://localhost:5001 
2020-06-27 00:13:08.4594|0|Microsoft.Hosting.Lifetime|INFO|Now listening on: http://localhost:5000 
2020-06-27 00:13:08.4714|0|Microsoft.Hosting.Lifetime|INFO|Application started. Press Ctrl+C to shut down. 
2020-06-27 00:13:08.4714|0|Microsoft.Hosting.Lifetime|INFO|Hosting environment: Development 
2020-06-27 00:13:08.4977|0|Microsoft.Hosting.Lifetime|INFO|Content root path: C:\Users\Iva\Desktop\FSRE_sem6\PI\vjezba\OZO 
2020-06-27 00:13:10.0038|0|Microsoft.Hosting.Lifetime|INFO|Application is shutting down... 
2020-06-27 00:14:21.4967|0|Microsoft.Hosting.Lifetime|INFO|Now listening on: https://localhost:5001 
2020-06-27 00:14:21.5847|0|Microsoft.Hosting.Lifetime|INFO|Now listening on: http://localhost:5000 
2020-06-27 00:14:21.6032|0|Microsoft.Hosting.Lifetime|INFO|Application started. Press Ctrl+C to shut down. 
2020-06-27 00:14:21.6224|0|Microsoft.Hosting.Lifetime|INFO|Hosting environment: Development 
2020-06-27 00:14:21.6419|0|Microsoft.Hosting.Lifetime|INFO|Content root path: C:\Users\Iva\Desktop\FSRE_sem6\PI\vjezba\OZO 
2020-06-27 00:16:15.9254|0|Microsoft.Hosting.Lifetime|INFO|Application is shutting down... 
2020-06-27 00:16:15.9985|0|OZO.Program|DEBUG|init main 
2020-06-27 00:16:16.1484|0|Microsoft.Hosting.Lifetime|INFO|Now listening on: https://localhost:5001 
2020-06-27 00:16:16.1669|0|Microsoft.Hosting.Lifetime|INFO|Now listening on: http://localhost:5000 
2020-06-27 00:16:16.1669|0|Microsoft.Hosting.Lifetime|INFO|Application started. Press Ctrl+C to shut down. 
2020-06-27 00:16:16.1931|0|Microsoft.Hosting.Lifetime|INFO|Hosting environment: Development 
2020-06-27 00:16:16.2085|0|Microsoft.Hosting.Lifetime|INFO|Content root path: C:\Users\Iva\Desktop\FSRE_sem6\PI\vjezba\OZO 
2020-06-27 00:16:18.2755|0|Microsoft.Hosting.Lifetime|INFO|Application is shutting down... 
2020-06-27 00:19:31.3083|0|Microsoft.Hosting.Lifetime|INFO|Now listening on: https://localhost:5001 
2020-06-27 00:19:31.3946|0|Microsoft.Hosting.Lifetime|INFO|Now listening on: http://localhost:5000 
2020-06-27 00:19:31.4157|0|Microsoft.Hosting.Lifetime|INFO|Application started. Press Ctrl+C to shut down. 
2020-06-27 00:19:31.4305|0|Microsoft.Hosting.Lifetime|INFO|Hosting environment: Development 
2020-06-27 00:19:31.4516|0|Microsoft.Hosting.Lifetime|INFO|Content root path: C:\Users\Iva\Desktop\FSRE_sem6\PI\vjezba\OZO 
2020-06-27 00:20:53.5877|0|Microsoft.Hosting.Lifetime|INFO|Application is shutting down... 
2020-06-27 00:20:53.6720|0|OZO.Program|DEBUG|init main 
2020-06-27 00:20:53.7593|0|Microsoft.Hosting.Lifetime|INFO|Now listening on: https://localhost:5001 
2020-06-27 00:20:53.7717|0|Microsoft.Hosting.Lifetime|INFO|Now listening on: http://localhost:5000 
2020-06-27 00:20:53.7842|0|Microsoft.Hosting.Lifetime|INFO|Application started. Press Ctrl+C to shut down. 
2020-06-27 00:20:53.7969|0|Microsoft.Hosting.Lifetime|INFO|Hosting environment: Development 
2020-06-27 00:20:53.8109|0|Microsoft.Hosting.Lifetime|INFO|Content root path: C:\Users\Iva\Desktop\FSRE_sem6\PI\vjezba\OZO 
2020-06-27 00:20:57.6759|0|Microsoft.Hosting.Lifetime|INFO|Application is shutting down... 
